<?xml version="1.0" encoding="utf-8"?><testsuites name="pytest tests"><testsuite name="pytest" errors="0" failures="0" skipped="0" tests="23" time="10.668" timestamp="2026-05-09T19:13:32.934687+00:00" hostname="agent-env-d5589188-b490-4712-8ec0-4297b4df70bb"><testcase classname="tests.test_api.TestHealthAndPublicEndpoints" name="test_api_health" time="0.300" /><testcase classname="tests.test_api.TestHealthAndPublicEndpoints" name="test_get_events" time="0.178" /><testcase classname="tests.test_api.TestHealthAndPublicEndpoints" name="test_get_upcoming_events" time="0.154" /><testcase classname="tests.test_api.TestHealthAndPublicEndpoints" name="test_get_gallery" time="0.186" /><testcase classname="tests.test_api.TestAuthentication" name="test_login_success" time="0.487" /><testcase classname="tests.test_api.TestAuthentication" name="test_login_invalid_credentials" time="0.161" /><testcase classname="tests.test_api.TestAuthentication" name="test_get_me_unauthenticated" time="0.161" /><testcase classname="tests.test_api.TestAuthentication" name="test_get_me_authenticated" time="0.650" /><testcase classname="tests.test_api.TestAuthentication" name="test_logout" time="0.580" /><testcase classname="tests.test_api.TestContactForm" name="test_submit_contact" time="0.230" /><testcase classname="tests.test_api.TestContactForm" name="test_submit_contact_minimal" time="0.170" /><testcase classname="tests.test_api.TestMemberRegistration" name="test_register_member" time="0.155" /><testcase classname="tests.test_api.TestMemberRegistration" name="test_register_member_duplicate_email" time="0.335" /><testcase classname="tests.test_api.TestAdminEventsCRUD" name="test_create_event" time="0.681" /><testcase classname="tests.test_api.TestAdminEventsCRUD" name="test_create_event_unauthorized" time="0.225" /><testcase classname="tests.test_api.TestAdminEventsCRUD" name="test_update_event" time="0.993" /><testcase classname="tests.test_api.TestAdminEventsCRUD" name="test_delete_event" time="1.140" /><testcase classname="tests.test_api.TestAdminGalleryCRUD" name="test_add_gallery_item" time="0.732" /><testcase classname="tests.test_api.TestAdminGalleryCRUD" name="test_delete_gallery_item" time="1.021" /><testcase classname="tests.test_api.TestAdminProtectedEndpoints" name="test_get_members_authenticated" time="0.683" /><testcase classname="tests.test_api.TestAdminProtectedEndpoints" name="test_get_members_unauthenticated" time="0.160" /><testcase classname="tests.test_api.TestAdminProtectedEndpoints" name="test_get_contacts_authenticated" time="0.632" /><testcase classname="tests.test_api.TestAdminProtectedEndpoints" name="test_get_contacts_unauthenticated" time="0.172" /></testsuite></testsuites>