<?xml version="1.0" encoding="utf-8"?><testsuites name="pytest tests"><testsuite name="pytest" errors="0" failures="1" skipped="0" tests="9" time="12.664" timestamp="2026-07-11T00:34:37.863410+00:00" hostname="agent-env-d5589188-b490-4712-8ec0-4297b4df70bb"><testcase classname="backend.tests.test_microsoft_sso.TestMicrosoftSSO" name="test_success_valid_domain_tenant_and_group" time="0.384" /><testcase classname="backend.tests.test_microsoft_sso.TestMicrosoftSSO" name="test_wrong_domain_rejected" time="0.172"><failure message="AssertionError: Expected domain error, got: apenas contas @sociedadesaojoaodaslampas.pt sao permitidas&#10;assert ('domin' in 'apenas contas @sociedadesaojoaodaslampas.pt sao permitidas' or 'domain' in 'apenas contas @sociedadesaojoaodaslampas.pt sao permitidas')">backend/tests/test_microsoft_sso.py:93: in test_wrong_domain_rejected
    assert "domin" in detail or "domain" in detail, f"Expected domain error, got: {detail}"
E   AssertionError: Expected domain error, got: apenas contas @sociedadesaojoaodaslampas.pt sao permitidas
E   assert ('domin' in 'apenas contas @sociedadesaojoaodaslampas.pt sao permitidas' or 'domain' in 'apenas contas @sociedadesaojoaodaslampas.pt sao permitidas')</failure></testcase><testcase classname="backend.tests.test_microsoft_sso.TestMicrosoftSSO" name="test_correct_domain_no_group_claim_rejected" time="1.764" /><testcase classname="backend.tests.test_microsoft_sso.TestMicrosoftSSO" name="test_correct_domain_wrong_group_id_rejected" time="1.147" /><testcase classname="backend.tests.test_microsoft_sso.TestMicrosoftSSO" name="test_wrong_tenant_rejected" time="0.159" /><testcase classname="backend.tests.test_microsoft_sso.TestMicrosoftSSO" name="test_no_email_in_token_rejected" time="0.235" /><testcase classname="backend.tests.test_microsoft_sso.TestBypassLoginRegression" name="test_bypass_login_and_me" time="0.545" /><testcase classname="backend.tests.test_microsoft_sso.TestDataverseRegression" name="test_get_dataverse_socios" time="6.415" /><testcase classname="backend.tests.test_microsoft_sso.TestDataverseRegression" name="test_dataverse_status" time="0.959" /></testsuite></testsuites>