<?xml version="1.0" encoding="utf-8"?><testsuites name="pytest tests"><testsuite name="pytest" errors="0" failures="0" skipped="0" tests="42" time="21.363" timestamp="2026-05-14T01:36:51.096611+00:00" hostname="agent-env-d5589188-b490-4712-8ec0-4297b4df70bb"><testcase classname="backend.tests.test_api.TestHealthAndPublicEndpoints" name="test_api_health" time="0.293" /><testcase classname="backend.tests.test_api.TestHealthAndPublicEndpoints" name="test_get_events" time="0.209" /><testcase classname="backend.tests.test_api.TestHealthAndPublicEndpoints" name="test_get_upcoming_events" time="0.169" /><testcase classname="backend.tests.test_api.TestHealthAndPublicEndpoints" name="test_get_services" time="0.143" /><testcase classname="backend.tests.test_api.TestHealthAndPublicEndpoints" name="test_get_timeline" time="0.160" /><testcase classname="backend.tests.test_api.TestHealthAndPublicEndpoints" name="test_get_settings" time="0.247" /><testcase classname="backend.tests.test_api.TestHealthAndPublicEndpoints" name="test_get_homepage_content" time="0.188" /><testcase classname="backend.tests.test_api.TestAuthentication" name="test_login_success" time="0.449" /><testcase classname="backend.tests.test_api.TestAuthentication" name="test_login_invalid_credentials" time="0.153" /><testcase classname="backend.tests.test_api.TestAuthentication" name="test_get_me_unauthenticated" time="0.147" /><testcase classname="backend.tests.test_api.TestAuthentication" name="test_get_me_authenticated" time="0.556" /><testcase classname="backend.tests.test_api.TestAuthentication" name="test_logout" time="0.626" /><testcase classname="backend.tests.test_api.TestAdminStats" name="test_get_admin_stats" time="0.579" /><testcase classname="backend.tests.test_api.TestAdminStats" name="test_get_admin_stats_unauthenticated" time="0.157" /><testcase classname="backend.tests.test_api.TestContactForm" name="test_submit_contact" time="0.152" /><testcase classname="backend.tests.test_api.TestContactForm" name="test_submit_contact_minimal" time="0.148" /><testcase classname="backend.tests.test_api.TestMemberRegistration" name="test_register_member" time="0.235" /><testcase classname="backend.tests.test_api.TestMemberRegistration" name="test_register_member_duplicate_email" time="0.296" /><testcase classname="backend.tests.test_api.TestAdminEventsCRUD" name="test_create_event" time="0.641" /><testcase classname="backend.tests.test_api.TestAdminEventsCRUD" name="test_create_event_unauthorized" time="0.147" /><testcase classname="backend.tests.test_api.TestAdminEventsCRUD" name="test_update_event" time="0.722" /><testcase classname="backend.tests.test_api.TestAdminEventsCRUD" name="test_delete_event" time="0.844" /><testcase classname="backend.tests.test_api.TestAdminServicesCRUD" name="test_create_service" time="0.576" /><testcase classname="backend.tests.test_api.TestAdminServicesCRUD" name="test_create_service_unauthorized" time="0.149" /><testcase classname="backend.tests.test_api.TestAdminServicesCRUD" name="test_update_service" time="0.755" /><testcase classname="backend.tests.test_api.TestAdminServicesCRUD" name="test_delete_service" time="0.909" /><testcase classname="backend.tests.test_api.TestAdminTimelineCRUD" name="test_create_timeline_item" time="0.582" /><testcase classname="backend.tests.test_api.TestAdminTimelineCRUD" name="test_create_timeline_unauthorized" time="0.158" /><testcase classname="backend.tests.test_api.TestAdminTimelineCRUD" name="test_update_timeline_item" time="0.817" /><testcase classname="backend.tests.test_api.TestAdminTimelineCRUD" name="test_delete_timeline_item" time="0.854" /><testcase classname="backend.tests.test_api.TestAdminSettingsAndContent" name="test_update_settings" time="0.620" /><testcase classname="backend.tests.test_api.TestAdminSettingsAndContent" name="test_update_settings_unauthorized" time="0.150" /><testcase classname="backend.tests.test_api.TestAdminSettingsAndContent" name="test_update_homepage_content" time="0.722" /><testcase classname="backend.tests.test_api.TestAdminSettingsAndContent" name="test_update_homepage_unauthorized" time="0.157" /><testcase classname="backend.tests.test_api.TestAdminContactsManagement" name="test_get_contacts" time="0.840" /><testcase classname="backend.tests.test_api.TestAdminContactsManagement" name="test_update_contact_read_status" time="0.903" /><testcase classname="backend.tests.test_api.TestAdminContactsManagement" name="test_update_contact_replied_status" time="0.981" /><testcase classname="backend.tests.test_api.TestAdminContactsManagement" name="test_delete_contact" time="1.000" /><testcase classname="backend.tests.test_api.TestAdminMembersManagement" name="test_get_members" time="0.611" /><testcase classname="backend.tests.test_api.TestAdminMembersManagement" name="test_update_member_status_approve" time="0.893" /><testcase classname="backend.tests.test_api.TestAdminMembersManagement" name="test_update_member_status_reject" time="0.959" /><testcase classname="backend.tests.test_api.TestAdminMembersManagement" name="test_update_member_status_invalid" time="0.924" /></testsuite></testsuites>